<?xml version="1.0" encoding="UTF-8"?>
<!-- Generated by org.testng.reporters.JUnitReportReporter -->
<testsuite hostname="DESKTOP-CTI6KHB" failures="0" tests="1" name="Tests.WelcomePageTest" time="0.503" errors="0" timestamp="2023-09-06T19:10:16 IST" skipped="0">
  <testcase classname="Tests.WelcomePageTest" name="click_Login_Button" time="0.503"/>
  <system-out/>
</testsuite> <!-- Tests.WelcomePageTest -->
