<?xml version="1.0" encoding="UTF-8"?>
<!-- Generated by org.testng.reporters.JUnitReportReporter -->
<testsuite hostname="DESKTOP-CTI6KHB" failures="0" tests="1" name="Tests.AmazonSigninTest" time="0.011" errors="0" timestamp="2023-09-12T09:49:51 IST" skipped="0">
  <testcase classname="Tests.AmazonSigninTest" name="signIN" time="0.011"/>
  <system-out/>
</testsuite> <!-- Tests.AmazonSigninTest -->
